<?xml version="1.0" encoding="UTF-8"?>
<testng-results ignored="0" total="5" passed="5" failed="0" skipped="0">
  <reporter-output>
  </reporter-output>
  <suite started-at="2022-06-17T15:13:11 IST" name="Suite" finished-at="2022-06-17T15:24:53 IST" duration-ms="702484">
    <groups>
      <group name="cucumber">
        <method signature="AbstractTestNGCucumberTests.runScenario(io.cucumber.testng.PickleWrapper, io.cucumber.testng.FeatureWrapper)[pri:0, instance:com.art.runner.CucumberRunner@1f97cf0d]" name="runScenario" class="io.cucumber.testng.AbstractTestNGCucumberTests"/>
      </group> <!-- cucumber -->
    </groups>
    <test started-at="2022-06-17T15:13:11 IST" name="Test" finished-at="2022-06-17T15:24:53 IST" duration-ms="702484">
      <class name="com.art.runner.CucumberRunner">
        <test-method is-config="true" signature="setUpClass(org.testng.ITestContext)[pri:0, instance:com.art.runner.CucumberRunner@1f97cf0d]" started-at="2022-06-17T15:13:11 IST" name="setUpClass" finished-at="2022-06-17T15:13:11 IST" duration-ms="335" status="PASS">
          <params>
            <param index="0">
              <value>
                <![CDATA[org.testng.TestRunner@6badba10]]>
              </value>
            </param>
          </params>
          <reporter-output>
          </reporter-output>
        </test-method> <!-- setUpClass -->
        <test-method signature="runScenario(io.cucumber.testng.PickleWrapper, io.cucumber.testng.FeatureWrapper)[pri:0, instance:com.art.runner.CucumberRunner@1f97cf0d]" started-at="2022-06-17T15:13:11 IST" name="runScenario" description="Runs Cucumber Scenarios" data-provider="scenarios" finished-at="2022-06-17T15:14:16 IST" duration-ms="65297" status="PASS">
          <params>
            <param index="0">
              <value>
                <![CDATA["Login using NID and Mobile Number"]]>
              </value>
            </param>
            <param index="1">
              <value>
                <![CDATA["Optional[Login_Nid_Mob Flow]"]]>
              </value>
            </param>
          </params>
          <reporter-output>
          </reporter-output>
        </test-method> <!-- runScenario -->
        <test-method signature="runScenario(io.cucumber.testng.PickleWrapper, io.cucumber.testng.FeatureWrapper)[pri:0, instance:com.art.runner.CucumberRunner@1f97cf0d]" started-at="2022-06-17T15:14:16 IST" name="runScenario" description="Runs Cucumber Scenarios" data-provider="scenarios" finished-at="2022-06-17T15:17:20 IST" duration-ms="183748" status="PASS">
          <params>
            <param index="0">
              <value>
                <![CDATA["Dashboard Verification Page"]]>
              </value>
            </param>
            <param index="1">
              <value>
                <![CDATA["Optional[Logged In User Flow]"]]>
              </value>
            </param>
          </params>
          <reporter-output>
          </reporter-output>
        </test-method> <!-- runScenario -->
        <test-method signature="runScenario(io.cucumber.testng.PickleWrapper, io.cucumber.testng.FeatureWrapper)[pri:0, instance:com.art.runner.CucumberRunner@1f97cf0d]" started-at="2022-06-17T15:17:20 IST" name="runScenario" description="Runs Cucumber Scenarios" data-provider="scenarios" finished-at="2022-06-17T15:20:41 IST" duration-ms="201294" status="PASS">
          <params>
            <param index="0">
              <value>
                <![CDATA["Verify My Profile Page"]]>
              </value>
            </param>
            <param index="1">
              <value>
                <![CDATA["Optional[Logged In User Flow]"]]>
              </value>
            </param>
          </params>
          <reporter-output>
          </reporter-output>
        </test-method> <!-- runScenario -->
        <test-method signature="runScenario(io.cucumber.testng.PickleWrapper, io.cucumber.testng.FeatureWrapper)[pri:0, instance:com.art.runner.CucumberRunner@1f97cf0d]" started-at="2022-06-17T15:20:41 IST" name="runScenario" description="Runs Cucumber Scenarios" data-provider="scenarios" finished-at="2022-06-17T15:24:53 IST" duration-ms="251395" status="PASS">
          <params>
            <param index="0">
              <value>
                <![CDATA["Update Mobile Number and Email Address Page"]]>
              </value>
            </param>
            <param index="1">
              <value>
                <![CDATA["Optional[Logged In User Flow]"]]>
              </value>
            </param>
          </params>
          <reporter-output>
          </reporter-output>
        </test-method> <!-- runScenario -->
        <test-method signature="runScenario(io.cucumber.testng.PickleWrapper, io.cucumber.testng.FeatureWrapper)[pri:0, instance:com.art.runner.CucumberRunner@1f97cf0d]" started-at="2022-06-17T15:24:53 IST" name="runScenario" description="Runs Cucumber Scenarios" data-provider="scenarios" finished-at="2022-06-17T15:24:53 IST" duration-ms="351" status="PASS">
          <params>
            <param index="0">
              <value>
                <![CDATA["Generate reports"]]>
              </value>
            </param>
            <param index="1">
              <value>
                <![CDATA["Optional[Motor Generate reports]"]]>
              </value>
            </param>
          </params>
          <reporter-output>
          </reporter-output>
        </test-method> <!-- runScenario -->
        <test-method is-config="true" signature="tearDownClass()[pri:0, instance:com.art.runner.CucumberRunner@1f97cf0d]" started-at="2022-06-17T15:24:53 IST" name="tearDownClass" finished-at="2022-06-17T15:24:53 IST" duration-ms="18" status="PASS">
          <reporter-output>
          </reporter-output>
        </test-method> <!-- tearDownClass -->
      </class> <!-- com.art.runner.CucumberRunner -->
    </test> <!-- Test -->
  </suite> <!-- Suite -->
</testng-results>
